{"level":"info","message":"✅ MongoDB Connected : ","timestamp":"2024-07-18T04:53:29.749Z"}
{"level":"info","message":"✅ Elasticsearch initialized successfully","timestamp":"2024-07-18T04:53:30.059Z"}
{"level":"info","message":"✅ Server running at http://localhost:8080","timestamp":"2024-07-18T04:53:30.062Z"}
{"level":"info","message":"✅ MongoDB Connected : ","timestamp":"2024-07-18T04:53:43.919Z"}
{"level":"info","message":"✅ Elasticsearch initialized successfully","timestamp":"2024-07-18T04:53:44.090Z"}
{"level":"info","message":"✅ Server running at http://localhost:8080","timestamp":"2024-07-18T04:53:44.093Z"}
{"level":"error","message":"Error in login service TokenExpiredError: jwt expired","timestamp":"2024-07-18T04:53:44.947Z"}
{"level":"error","message":"Error in login service TokenExpiredError: jwt expired","timestamp":"2024-07-18T04:53:44.952Z"}
{"level":"error","message":"Error in login service JsonWebTokenError: invalid signature","timestamp":"2024-07-18T04:57:48.676Z"}
{"level":"info","message":"✅ MongoDB Connected : ","timestamp":"2024-07-18T05:50:42.883Z"}
{"level":"info","message":"✅ Elasticsearch initialized successfully","timestamp":"2024-07-18T05:50:43.034Z"}
{"level":"info","message":"✅ Server running at http://localhost:8080","timestamp":"2024-07-18T05:50:43.037Z"}
{"level":"info","message":"✅ MongoDB Connected : ","timestamp":"2024-07-18T05:58:24.272Z"}
{"level":"info","message":"✅ Elasticsearch initialized successfully","timestamp":"2024-07-18T05:58:24.413Z"}
{"level":"info","message":"✅ Server running at http://localhost:8080","timestamp":"2024-07-18T05:58:24.416Z"}
{"level":"info","message":"✅ MongoDB Connected : ","timestamp":"2024-07-18T06:01:40.826Z"}
{"level":"info","message":"✅ Elasticsearch initialized successfully","timestamp":"2024-07-18T06:01:40.974Z"}
{"level":"info","message":"✅ Server running at http://localhost:8080","timestamp":"2024-07-18T06:01:40.977Z"}
{"level":"error","message":"Error in login controller data is not defined","stack":"ReferenceError: data is not defined\n    at login (file:///Users/uolo/Desktop/ONBOARDING%20PROJECT/server/controllers/auth.js:22:27)","timestamp":"2024-07-18T06:01:43.507Z"}
{"level":"info","message":"✅ MongoDB Connected : ","timestamp":"2024-07-18T06:01:57.285Z"}
{"level":"info","message":"✅ Elasticsearch initialized successfully","timestamp":"2024-07-18T06:01:57.430Z"}
{"level":"info","message":"✅ Server running at http://localhost:8080","timestamp":"2024-07-18T06:01:57.434Z"}
{"level":"info","message":"✅ MongoDB Connected : ","timestamp":"2024-07-18T06:02:04.085Z"}
{"level":"info","message":"✅ Elasticsearch initialized successfully","timestamp":"2024-07-18T06:02:04.233Z"}
{"level":"info","message":"✅ Server running at http://localhost:8080","timestamp":"2024-07-18T06:02:04.238Z"}
{"level":"error","message":"Error in login controller option expires is invalid","stack":"TypeError: option expires is invalid\n    at Object.serialize (/Users/uolo/Desktop/ONBOARDING PROJECT/server/node_modules/cookie/index.js:161:13)\n    at ServerResponse.res.cookie (/Users/uolo/Desktop/ONBOARDING PROJECT/server/node_modules/express/lib/response.js:885:36)\n    at login (file:///Users/uolo/Desktop/ONBOARDING%20PROJECT/server/controllers/auth.js:22:11)","timestamp":"2024-07-18T06:02:05.586Z"}
{"level":"info","message":"✅ MongoDB Connected : ","timestamp":"2024-07-18T06:02:20.476Z"}
{"level":"info","message":"✅ Elasticsearch initialized successfully","timestamp":"2024-07-18T06:02:20.632Z"}
{"level":"info","message":"✅ Server running at http://localhost:8080","timestamp":"2024-07-18T06:02:20.637Z"}
{"level":"info","message":"✅ MongoDB Connected : ","timestamp":"2024-07-18T06:02:51.259Z"}
{"level":"info","message":"✅ Elasticsearch initialized successfully","timestamp":"2024-07-18T06:02:51.410Z"}
{"level":"info","message":"✅ Server running at http://localhost:8080","timestamp":"2024-07-18T06:02:51.413Z"}
{"level":"info","message":"✅ MongoDB Connected : ","timestamp":"2024-07-18T06:03:08.478Z"}
{"level":"info","message":"✅ Elasticsearch initialized successfully","timestamp":"2024-07-18T06:03:08.631Z"}
{"level":"info","message":"✅ Server running at http://localhost:8080","timestamp":"2024-07-18T06:03:08.635Z"}
{"level":"info","message":"✅ MongoDB Connected : ","timestamp":"2024-07-18T06:03:34.932Z"}
{"level":"info","message":"✅ Elasticsearch initialized successfully","timestamp":"2024-07-18T06:03:35.081Z"}
{"level":"info","message":"✅ Server running at http://localhost:8080","timestamp":"2024-07-18T06:03:35.085Z"}
{"level":"info","message":"✅ MongoDB Connected : ","timestamp":"2024-07-18T06:04:13.373Z"}
{"level":"info","message":"✅ Elasticsearch initialized successfully","timestamp":"2024-07-18T06:04:13.517Z"}
{"level":"info","message":"✅ Server running at http://localhost:8080","timestamp":"2024-07-18T06:04:13.520Z"}
{"level":"info","message":"✅ MongoDB Connected : ","timestamp":"2024-07-18T06:07:08.543Z"}
{"level":"info","message":"✅ Elasticsearch initialized successfully","timestamp":"2024-07-18T06:07:08.697Z"}
{"level":"info","message":"✅ Server running at http://localhost:8080","timestamp":"2024-07-18T06:07:08.700Z"}
{"level":"info","message":"✅ MongoDB Connected : ","timestamp":"2024-07-18T06:07:39.744Z"}
{"level":"info","message":"✅ Elasticsearch initialized successfully","timestamp":"2024-07-18T06:07:39.893Z"}
{"level":"info","message":"✅ Server running at http://localhost:8080","timestamp":"2024-07-18T06:07:39.897Z"}
{"level":"info","message":"✅ MongoDB Connected : ","timestamp":"2024-07-18T06:07:43.862Z"}
{"level":"info","message":"✅ Elasticsearch initialized successfully","timestamp":"2024-07-18T06:07:44.012Z"}
{"level":"info","message":"✅ Server running at http://localhost:8080","timestamp":"2024-07-18T06:07:44.015Z"}
{"level":"info","message":"✅ MongoDB Connected : ","timestamp":"2024-07-18T06:08:00.141Z"}
{"level":"info","message":"✅ Elasticsearch initialized successfully","timestamp":"2024-07-18T06:08:00.293Z"}
{"level":"info","message":"✅ Server running at http://localhost:8080","timestamp":"2024-07-18T06:08:00.296Z"}
{"level":"info","message":"✅ MongoDB Connected : ","timestamp":"2024-07-18T06:16:14.997Z"}
{"level":"info","message":"✅ Elasticsearch initialized successfully","timestamp":"2024-07-18T06:16:15.193Z"}
{"level":"info","message":"✅ Server running at http://localhost:8080","timestamp":"2024-07-18T06:16:15.196Z"}
{"level":"info","message":"✅ MongoDB Connected : ","timestamp":"2024-07-18T06:21:02.100Z"}
{"level":"info","message":"✅ Elasticsearch initialized successfully","timestamp":"2024-07-18T06:21:02.241Z"}
{"level":"info","message":"✅ Server running at http://localhost:8080","timestamp":"2024-07-18T06:21:02.244Z"}
{"level":"info","message":"✅ MongoDB Connected : ","timestamp":"2024-07-18T06:21:08.471Z"}
{"level":"info","message":"✅ Elasticsearch initialized successfully","timestamp":"2024-07-18T06:21:08.623Z"}
{"level":"info","message":"✅ Server running at http://localhost:8080","timestamp":"2024-07-18T06:21:08.627Z"}
{"level":"info","message":"✅ MongoDB Connected : ","timestamp":"2024-07-18T06:24:02.084Z"}
{"level":"info","message":"✅ Elasticsearch initialized successfully","timestamp":"2024-07-18T06:24:02.230Z"}
{"level":"info","message":"✅ Server running at http://localhost:8080","timestamp":"2024-07-18T06:24:02.235Z"}
{"level":"info","message":"✅ MongoDB Connected : ","timestamp":"2024-07-18T06:26:12.689Z"}
{"level":"info","message":"✅ Elasticsearch initialized successfully","timestamp":"2024-07-18T06:26:12.843Z"}
{"level":"info","message":"✅ Server running at http://localhost:8080","timestamp":"2024-07-18T06:26:12.848Z"}
{"level":"error","message":"Error in login service JsonWebTokenError: invalid token","timestamp":"2024-07-18T06:35:05.599Z"}
{"level":"error","message":"Error in login service JsonWebTokenError: jwt malformed","timestamp":"2024-07-18T06:35:39.215Z"}
{"level":"error","message":"Error in login service JsonWebTokenError: invalid token","timestamp":"2024-07-18T06:37:20.663Z"}
{"level":"info","message":"✅ MongoDB Connected : ","timestamp":"2024-07-18T06:38:13.067Z"}
{"level":"info","message":"✅ Elasticsearch initialized successfully","timestamp":"2024-07-18T06:38:13.220Z"}
{"level":"info","message":"✅ Server running at http://localhost:8080","timestamp":"2024-07-18T06:38:13.223Z"}
{"level":"info","message":"✅ MongoDB Connected : ","timestamp":"2024-07-18T06:38:40.485Z"}
{"level":"info","message":"✅ Elasticsearch initialized successfully","timestamp":"2024-07-18T06:38:40.646Z"}
{"level":"info","message":"✅ Server running at http://localhost:8080","timestamp":"2024-07-18T06:38:40.651Z"}
{"level":"info","message":"✅ MongoDB Connected : ","timestamp":"2024-07-18T09:46:17.280Z"}
{"level":"info","message":"✅ Elasticsearch initialized successfully","timestamp":"2024-07-18T09:46:17.438Z"}
{"level":"info","message":"✅ Server running at http://localhost:8080","timestamp":"2024-07-18T09:46:17.442Z"}
{"level":"info","message":"✅ MongoDB Connected : ","timestamp":"2024-07-18T09:53:45.479Z"}
{"level":"info","message":"✅ Elasticsearch initialized successfully","timestamp":"2024-07-18T09:53:45.616Z"}
{"level":"info","message":"✅ Server running at http://localhost:8080","timestamp":"2024-07-18T09:53:45.620Z"}
{"level":"info","message":"✅ MongoDB Connected : ","timestamp":"2024-07-18T09:53:56.062Z"}
{"level":"info","message":"✅ Elasticsearch initialized successfully","timestamp":"2024-07-18T09:53:56.202Z"}
{"level":"info","message":"✅ Server running at http://localhost:8080","timestamp":"2024-07-18T09:53:56.207Z"}
{"level":"info","message":"✅ MongoDB Connected : ","timestamp":"2024-07-18T09:55:09.062Z"}
{"level":"info","message":"✅ Elasticsearch initialized successfully","timestamp":"2024-07-18T09:55:09.210Z"}
{"level":"info","message":"✅ Server running at http://localhost:8080","timestamp":"2024-07-18T09:55:09.215Z"}
{"level":"info","message":"✅ MongoDB Connected : ","timestamp":"2024-07-18T09:55:28.606Z"}
{"level":"info","message":"✅ Elasticsearch initialized successfully","timestamp":"2024-07-18T09:55:28.743Z"}
{"level":"info","message":"✅ Server running at http://localhost:8080","timestamp":"2024-07-18T09:55:28.748Z"}
{"level":"error","message":"Error in login service JsonWebTokenError: invalid token","timestamp":"2024-07-18T09:57:16.055Z"}
