{"level":"error","message":"❌ Error connecting mongodb","timestamp":"2024-07-17T05:34:51.225Z"}
{"level":"info","message":"✅ MongoDB Connected : ","timestamp":"2024-07-17T05:42:51.534Z"}
{"level":"info","message":"✅ Elasticsearch initialized successfully","timestamp":"2024-07-17T05:42:51.685Z"}
{"level":"info","message":"✅ Server running at http://localhost:8080","timestamp":"2024-07-17T05:42:51.689Z"}
{"level":"info","message":"✅ MongoDB Connected : ","timestamp":"2024-07-17T05:45:40.535Z"}
{"level":"info","message":"✅ Elasticsearch initialized successfully","timestamp":"2024-07-17T05:45:40.684Z"}
{"level":"info","message":"✅ Server running at http://localhost:8080","timestamp":"2024-07-17T05:45:40.687Z"}
{"level":"info","message":"✅ MongoDB Connected : ","timestamp":"2024-07-17T05:45:45.888Z"}
{"level":"info","message":"✅ Elasticsearch initialized successfully","timestamp":"2024-07-17T05:45:46.027Z"}
{"level":"info","message":"✅ Server running at http://localhost:8080","timestamp":"2024-07-17T05:45:46.032Z"}
{"level":"info","message":"✅ MongoDB Connected : ","timestamp":"2024-07-17T05:46:00.067Z"}
{"level":"info","message":"✅ Elasticsearch initialized successfully","timestamp":"2024-07-17T05:46:00.218Z"}
{"level":"info","message":"✅ Server running at http://localhost:8080","timestamp":"2024-07-17T05:46:00.221Z"}
{"level":"info","message":"✅ MongoDB Connected : ","timestamp":"2024-07-17T05:46:09.114Z"}
{"level":"info","message":"✅ Elasticsearch initialized successfully","timestamp":"2024-07-17T05:46:09.290Z"}
{"level":"info","message":"✅ Server running at http://localhost:8080","timestamp":"2024-07-17T05:46:09.294Z"}
{"level":"info","message":"✅ MongoDB Connected : ","timestamp":"2024-07-17T05:46:24.498Z"}
{"level":"info","message":"✅ Elasticsearch initialized successfully","timestamp":"2024-07-17T05:46:24.639Z"}
{"level":"info","message":"✅ Server running at http://localhost:8080","timestamp":"2024-07-17T05:46:24.643Z"}
{"level":"info","message":"✅ MongoDB Connected : ","timestamp":"2024-07-17T05:46:35.155Z"}
{"level":"info","message":"✅ Elasticsearch initialized successfully","timestamp":"2024-07-17T05:46:35.299Z"}
{"level":"info","message":"✅ Server running at http://localhost:8080","timestamp":"2024-07-17T05:46:35.302Z"}
{"level":"info","message":"✅ MongoDB Connected : ","timestamp":"2024-07-17T05:46:53.689Z"}
{"level":"info","message":"✅ Elasticsearch initialized successfully","timestamp":"2024-07-17T05:46:53.852Z"}
{"level":"info","message":"✅ Server running at http://localhost:8080","timestamp":"2024-07-17T05:46:53.855Z"}
{"level":"info","message":"✅ MongoDB Connected : ","timestamp":"2024-07-17T05:47:40.422Z"}
{"level":"info","message":"✅ Elasticsearch initialized successfully","timestamp":"2024-07-17T05:47:40.563Z"}
{"level":"info","message":"✅ Server running at http://localhost:8080","timestamp":"2024-07-17T05:47:40.567Z"}
{"level":"info","message":"✅ MongoDB Connected : ","timestamp":"2024-07-17T05:48:00.770Z"}
{"level":"info","message":"✅ Elasticsearch initialized successfully","timestamp":"2024-07-17T05:48:00.911Z"}
{"level":"info","message":"✅ Server running at http://localhost:8080","timestamp":"2024-07-17T05:48:00.914Z"}
{"level":"info","message":"✅ MongoDB Connected : ","timestamp":"2024-07-17T05:48:24.204Z"}
{"level":"info","message":"✅ Elasticsearch initialized successfully","timestamp":"2024-07-17T05:48:24.361Z"}
{"level":"info","message":"✅ Server running at http://localhost:8080","timestamp":"2024-07-17T05:48:24.364Z"}
{"level":"info","message":"✅ MongoDB Connected : ","timestamp":"2024-07-17T05:49:17.299Z"}
{"level":"info","message":"✅ Elasticsearch initialized successfully","timestamp":"2024-07-17T05:49:17.443Z"}
{"level":"info","message":"✅ Server running at http://localhost:8080","timestamp":"2024-07-17T05:49:17.446Z"}
{"level":"error","message":"Error in login service Error: Illegal arguments: string, undefined","timestamp":"2024-07-17T05:49:21.827Z"}
{"level":"info","message":"✅ MongoDB Connected : ","timestamp":"2024-07-17T05:49:38.869Z"}
{"level":"info","message":"✅ Elasticsearch initialized successfully","timestamp":"2024-07-17T05:49:39.013Z"}
{"level":"info","message":"✅ Server running at http://localhost:8080","timestamp":"2024-07-17T05:49:39.016Z"}
{"level":"error","message":"Error in login service ReferenceError: requestPassword is not defined","timestamp":"2024-07-17T05:49:39.513Z"}
{"level":"info","message":"✅ MongoDB Connected : ","timestamp":"2024-07-17T05:49:48.800Z"}
{"level":"info","message":"✅ Elasticsearch initialized successfully","timestamp":"2024-07-17T05:49:48.950Z"}
{"level":"info","message":"✅ Server running at http://localhost:8080","timestamp":"2024-07-17T05:49:48.955Z"}
{"level":"info","message":"✅ MongoDB Connected : ","timestamp":"2024-07-17T05:50:26.578Z"}
{"level":"info","message":"✅ Elasticsearch initialized successfully","timestamp":"2024-07-17T05:50:26.741Z"}
{"level":"info","message":"✅ Server running at http://localhost:8080","timestamp":"2024-07-17T05:50:26.746Z"}
{"level":"info","message":"✅ MongoDB Connected : ","timestamp":"2024-07-17T05:50:31.758Z"}
{"level":"info","message":"✅ Elasticsearch initialized successfully","timestamp":"2024-07-17T05:50:31.906Z"}
{"level":"info","message":"✅ Server running at http://localhost:8080","timestamp":"2024-07-17T05:50:31.911Z"}
{"level":"info","message":"✅ MongoDB Connected : ","timestamp":"2024-07-17T05:50:33.795Z"}
{"level":"info","message":"✅ Elasticsearch initialized successfully","timestamp":"2024-07-17T05:50:33.939Z"}
{"level":"info","message":"✅ Server running at http://localhost:8080","timestamp":"2024-07-17T05:50:33.943Z"}
{"level":"info","message":"✅ MongoDB Connected : ","timestamp":"2024-07-17T05:50:39.575Z"}
{"level":"info","message":"✅ Elasticsearch initialized successfully","timestamp":"2024-07-17T05:50:39.739Z"}
{"level":"info","message":"✅ Server running at http://localhost:8080","timestamp":"2024-07-17T05:50:39.743Z"}
{"level":"info","message":"✅ MongoDB Connected : ","timestamp":"2024-07-17T05:51:16.221Z"}
{"level":"info","message":"✅ Elasticsearch initialized successfully","timestamp":"2024-07-17T05:51:16.371Z"}
{"level":"info","message":"✅ Server running at http://localhost:8080","timestamp":"2024-07-17T05:51:16.376Z"}
{"level":"error","message":"Error in login service Error: Illegal arguments: undefined, string","timestamp":"2024-07-17T05:51:24.509Z"}
{"level":"error","message":"Error in login service Error: Illegal arguments: undefined, string","timestamp":"2024-07-17T05:51:40.565Z"}
{"level":"info","message":"✅ MongoDB Connected : ","timestamp":"2024-07-17T05:51:52.918Z"}
{"level":"info","message":"✅ Elasticsearch initialized successfully","timestamp":"2024-07-17T05:51:53.065Z"}
{"level":"info","message":"✅ Server running at http://localhost:8080","timestamp":"2024-07-17T05:51:53.068Z"}
{"level":"error","message":"Error in login service Error: Illegal arguments: undefined, string","timestamp":"2024-07-17T05:51:54.170Z"}
{"level":"info","message":"✅ MongoDB Connected : ","timestamp":"2024-07-17T05:52:05.381Z"}
{"level":"info","message":"✅ Elasticsearch initialized successfully","timestamp":"2024-07-17T05:52:05.514Z"}
{"level":"info","message":"✅ Server running at http://localhost:8080","timestamp":"2024-07-17T05:52:05.518Z"}
{"level":"error","message":"Error in login service Error: Illegal arguments: undefined, string","timestamp":"2024-07-17T05:52:07.337Z"}
{"level":"info","message":"✅ MongoDB Connected : ","timestamp":"2024-07-17T05:52:18.394Z"}
{"level":"info","message":"✅ Elasticsearch initialized successfully","timestamp":"2024-07-17T05:52:18.537Z"}
{"level":"info","message":"✅ Server running at http://localhost:8080","timestamp":"2024-07-17T05:52:18.540Z"}
{"level":"error","message":"Error in login service Error: Illegal arguments: undefined, string","timestamp":"2024-07-17T05:52:19.177Z"}
{"level":"info","message":"✅ MongoDB Connected : ","timestamp":"2024-07-17T05:52:51.979Z"}
{"level":"info","message":"✅ Elasticsearch initialized successfully","timestamp":"2024-07-17T05:52:52.135Z"}
{"level":"info","message":"✅ Server running at http://localhost:8080","timestamp":"2024-07-17T05:52:52.138Z"}
{"level":"error","message":"Error in login service Error: Illegal arguments: undefined, string","timestamp":"2024-07-17T05:52:52.590Z"}
{"level":"info","message":"✅ MongoDB Connected : ","timestamp":"2024-07-17T05:53:02.867Z"}
{"level":"info","message":"✅ Elasticsearch initialized successfully","timestamp":"2024-07-17T05:53:03.012Z"}
{"level":"info","message":"✅ Server running at http://localhost:8080","timestamp":"2024-07-17T05:53:03.015Z"}
{"level":"error","message":"Error in login service Error: Illegal arguments: undefined, string","timestamp":"2024-07-17T05:53:03.639Z"}
{"level":"info","message":"✅ MongoDB Connected : ","timestamp":"2024-07-17T05:53:09.907Z"}
{"level":"info","message":"✅ Elasticsearch initialized successfully","timestamp":"2024-07-17T05:53:10.048Z"}
{"level":"info","message":"✅ Server running at http://localhost:8080","timestamp":"2024-07-17T05:53:10.053Z"}
{"level":"info","message":"✅ MongoDB Connected : ","timestamp":"2024-07-17T05:53:43.047Z"}
{"level":"info","message":"✅ Elasticsearch initialized successfully","timestamp":"2024-07-17T05:53:43.188Z"}
{"level":"info","message":"✅ Server running at http://localhost:8080","timestamp":"2024-07-17T05:53:43.191Z"}
{"level":"error","message":"Error in login service Error: Illegal arguments: undefined, string","timestamp":"2024-07-17T05:53:43.710Z"}
{"level":"error","message":"Error in login service Error: Illegal arguments: undefined, string","timestamp":"2024-07-17T05:53:54.712Z"}
{"level":"info","message":"✅ MongoDB Connected : ","timestamp":"2024-07-17T05:54:05.619Z"}
{"level":"info","message":"✅ Elasticsearch initialized successfully","timestamp":"2024-07-17T05:54:05.759Z"}
{"level":"info","message":"✅ Server running at http://localhost:8080","timestamp":"2024-07-17T05:54:05.762Z"}
{"level":"info","message":"✅ MongoDB Connected : ","timestamp":"2024-07-17T05:54:30.473Z"}
{"level":"info","message":"✅ Elasticsearch initialized successfully","timestamp":"2024-07-17T05:54:30.616Z"}
{"level":"info","message":"✅ Server running at http://localhost:8080","timestamp":"2024-07-17T05:54:30.620Z"}
{"level":"info","message":"✅ MongoDB Connected : ","timestamp":"2024-07-17T05:55:58.272Z"}
{"level":"info","message":"✅ Elasticsearch initialized successfully","timestamp":"2024-07-17T05:55:58.433Z"}
{"level":"info","message":"✅ Server running at http://localhost:8080","timestamp":"2024-07-17T05:55:58.436Z"}
{"level":"info","message":"✅ MongoDB Connected : ","timestamp":"2024-07-17T06:34:06.794Z"}
{"level":"info","message":"✅ Elasticsearch initialized successfully","timestamp":"2024-07-17T06:34:07.126Z"}
{"level":"info","message":"✅ Server running at http://localhost:8080","timestamp":"2024-07-17T06:34:07.131Z"}
{"level":"info","message":"✅ MongoDB Connected : ","timestamp":"2024-07-17T06:34:23.565Z"}
{"level":"info","message":"✅ Elasticsearch initialized successfully","timestamp":"2024-07-17T06:34:23.849Z"}
{"level":"info","message":"✅ Server running at http://localhost:8080","timestamp":"2024-07-17T06:34:23.853Z"}
{"level":"info","message":"✅ MongoDB Connected : ","timestamp":"2024-07-17T06:34:46.598Z"}
{"level":"info","message":"✅ Elasticsearch initialized successfully","timestamp":"2024-07-17T06:34:46.947Z"}
{"level":"info","message":"✅ Server running at http://localhost:8080","timestamp":"2024-07-17T06:34:46.950Z"}
{"level":"info","message":"✅ MongoDB Connected : ","timestamp":"2024-07-17T06:35:37.493Z"}
{"level":"info","message":"✅ Elasticsearch initialized successfully","timestamp":"2024-07-17T06:35:37.831Z"}
{"level":"info","message":"✅ Server running at http://localhost:8080","timestamp":"2024-07-17T06:35:37.836Z"}
{"level":"info","message":"✅ MongoDB Connected : ","timestamp":"2024-07-17T06:35:51.006Z"}
{"level":"info","message":"✅ Elasticsearch initialized successfully","timestamp":"2024-07-17T06:35:51.320Z"}
{"level":"info","message":"✅ Server running at http://localhost:8080","timestamp":"2024-07-17T06:35:51.325Z"}
{"level":"info","message":"✅ MongoDB Connected : ","timestamp":"2024-07-17T06:36:08.037Z"}
{"level":"info","message":"✅ Elasticsearch initialized successfully","timestamp":"2024-07-17T06:36:08.444Z"}
{"level":"info","message":"✅ Server running at http://localhost:8080","timestamp":"2024-07-17T06:36:08.450Z"}
{"level":"info","message":"✅ MongoDB Connected : ","timestamp":"2024-07-17T06:37:55.709Z"}
{"level":"info","message":"✅ Elasticsearch initialized successfully","timestamp":"2024-07-17T06:37:56.123Z"}
{"level":"info","message":"✅ Server running at http://localhost:8080","timestamp":"2024-07-17T06:37:56.128Z"}
{"level":"info","message":"✅ MongoDB Connected : ","timestamp":"2024-07-17T06:44:28.935Z"}
{"level":"info","message":"✅ Elasticsearch initialized successfully","timestamp":"2024-07-17T06:44:29.306Z"}
{"level":"info","message":"✅ Server running at http://localhost:8080","timestamp":"2024-07-17T06:44:29.309Z"}
{"level":"info","message":"✅ MongoDB Connected : ","timestamp":"2024-07-17T06:44:32.267Z"}
{"level":"info","message":"✅ Elasticsearch initialized successfully","timestamp":"2024-07-17T06:44:32.631Z"}
{"level":"info","message":"✅ Server running at http://localhost:8080","timestamp":"2024-07-17T06:44:32.635Z"}
{"level":"info","message":"✅ MongoDB Connected : ","timestamp":"2024-07-17T07:13:10.813Z"}
{"level":"info","message":"✅ Elasticsearch initialized successfully","timestamp":"2024-07-17T07:13:11.110Z"}
{"level":"info","message":"✅ Server running at http://localhost:8080","timestamp":"2024-07-17T07:13:11.116Z"}
{"level":"info","message":"✅ MongoDB Connected : ","timestamp":"2024-07-17T07:13:19.469Z"}
{"level":"info","message":"✅ Elasticsearch initialized successfully","timestamp":"2024-07-17T07:13:19.824Z"}
{"level":"info","message":"✅ Server running at http://localhost:8080","timestamp":"2024-07-17T07:13:19.829Z"}
{"level":"info","message":"✅ MongoDB Connected : ","timestamp":"2024-07-17T07:20:58.497Z"}
{"level":"info","message":"✅ Elasticsearch initialized successfully","timestamp":"2024-07-17T07:20:58.860Z"}
{"level":"info","message":"✅ Server running at http://localhost:8080","timestamp":"2024-07-17T07:20:58.863Z"}
{"level":"info","message":"✅ MongoDB Connected : ","timestamp":"2024-07-17T07:24:04.088Z"}
{"level":"info","message":"✅ Elasticsearch initialized successfully","timestamp":"2024-07-17T07:24:04.387Z"}
{"level":"info","message":"✅ Server running at http://localhost:8080","timestamp":"2024-07-17T07:24:04.393Z"}
{"level":"error","message":"❌ Error connecting mongodb","timestamp":"2024-07-17T08:31:55.109Z"}
{"level":"info","message":"✅ MongoDB Connected : ","timestamp":"2024-07-17T08:32:55.025Z"}
{"level":"error","message":"Error creating index: Request timed out","meta":{"body":null,"headers":null,"meta":{"aborted":false,"attempts":0,"connection":{"_openRequests":0,"deadCount":1,"headers":{},"id":"http://192.168.163.152:9200/","resurrectTimeout":1721205240032,"roles":{"data":true,"ingest":true,"master":true,"ml":false},"status":"dead","url":"http://192.168.163.152:9200/"},"context":null,"name":"elasticsearch-js","request":{"id":2,"options":{},"params":{"headers":{"user-agent":"elasticsearch-js/7.17.14 (darwin 23.5.0-x64; Node.js v16.20.2)","x-elastic-client-meta":"es=7.17.14,js=16.20.2,t=7.17.14,hc=16.20.2"},"method":"GET","path":"/","querystring":"","timeout":5000}}},"statusCode":null},"name":"TimeoutError","stack":"TimeoutError: Request timed out\n    at ClientRequest.onTimeout (/Users/uolo/Desktop/ONBOARDING PROJECT/server/node_modules/@elastic/elasticsearch/lib/Connection.js:110:16)\n    at ClientRequest.emit (node:events:513:28)\n    at Socket.emitRequestTimeout (node:_http_client:839:9)\n    at Object.onceWrapper (node:events:627:28)\n    at Socket.emit (node:events:525:35)\n    at Socket._onTimeout (node:net:550:8)\n    at listOnTimeout (node:internal/timers:559:17)\n    at processTimers (node:internal/timers:502:7)","timestamp":"2024-07-17T08:33:00.034Z"}
{"level":"info","message":"✅ MongoDB Connected : ","timestamp":"2024-07-17T08:34:32.915Z"}
{"level":"info","message":"✅ Server running at http://localhost:8080","timestamp":"2024-07-17T08:34:32.919Z"}
{"level":"error","message":"Error searching users in elastic : Request timed out","meta":{"body":null,"headers":null,"meta":{"aborted":false,"attempts":0,"connection":{"_openRequests":0,"deadCount":1,"headers":{},"id":"http://192.168.163.152:9200/","resurrectTimeout":1721206190761,"roles":{"data":true,"ingest":true,"master":true,"ml":false},"status":"dead","url":"http://192.168.163.152:9200/"},"context":null,"name":"elasticsearch-js","request":{"id":2,"options":{},"params":{"headers":{"user-agent":"elasticsearch-js/7.17.14 (darwin 23.5.0-x64; Node.js v16.20.2)","x-elastic-client-meta":"es=7.17.14,js=16.20.2,t=7.17.14,hc=16.20.2"},"method":"GET","path":"/","querystring":"","timeout":5000}}},"statusCode":null},"name":"TimeoutError","stack":"TimeoutError: Request timed out\n    at ClientRequest.onTimeout (/Users/uolo/Desktop/ONBOARDING PROJECT/server/node_modules/@elastic/elasticsearch/lib/Connection.js:110:16)\n    at ClientRequest.emit (node:events:513:28)\n    at Socket.emitRequestTimeout (node:_http_client:839:9)\n    at Object.onceWrapper (node:events:627:28)\n    at Socket.emit (node:events:525:35)\n    at Socket._onTimeout (node:net:550:8)\n    at listOnTimeout (node:internal/timers:559:17)\n    at processTimers (node:internal/timers:502:7)","timestamp":"2024-07-17T08:48:50.764Z"}
{"level":"error","message":"Error searching users in elastic : Request timed out","meta":{"body":null,"headers":null,"meta":{"aborted":false,"attempts":0,"connection":{"_openRequests":0,"deadCount":2,"headers":{},"id":"http://192.168.163.152:9200/","resurrectTimeout":1721206255767,"roles":{"data":true,"ingest":true,"master":true,"ml":false},"status":"dead","url":"http://192.168.163.152:9200/"},"context":null,"name":"elasticsearch-js","request":{"id":4,"options":{},"params":{"headers":{"user-agent":"elasticsearch-js/7.17.14 (darwin 23.5.0-x64; Node.js v16.20.2)","x-elastic-client-meta":"es=7.17.14,js=16.20.2,t=7.17.14,hc=16.20.2"},"method":"GET","path":"/","querystring":"","timeout":5000}}},"statusCode":null},"name":"TimeoutError","stack":"TimeoutError: Request timed out\n    at ClientRequest.onTimeout (/Users/uolo/Desktop/ONBOARDING PROJECT/server/node_modules/@elastic/elasticsearch/lib/Connection.js:110:16)\n    at ClientRequest.emit (node:events:513:28)\n    at Socket.emitRequestTimeout (node:_http_client:839:9)\n    at Object.onceWrapper (node:events:627:28)\n    at Socket.emit (node:events:525:35)\n    at Socket._onTimeout (node:net:550:8)\n    at listOnTimeout (node:internal/timers:559:17)\n    at processTimers (node:internal/timers:502:7)","timestamp":"2024-07-17T08:48:55.769Z"}
{"level":"error","message":"Error searching users in elastic : Request timed out","meta":{"body":null,"headers":null,"meta":{"aborted":false,"attempts":0,"connection":{"_openRequests":0,"deadCount":3,"headers":{},"id":"http://192.168.163.152:9200/","resurrectTimeout":1721206383432,"roles":{"data":true,"ingest":true,"master":true,"ml":false},"status":"dead","url":"http://192.168.163.152:9200/"},"context":null,"name":"elasticsearch-js","request":{"id":6,"options":{},"params":{"headers":{"user-agent":"elasticsearch-js/7.17.14 (darwin 23.5.0-x64; Node.js v16.20.2)","x-elastic-client-meta":"es=7.17.14,js=16.20.2,t=7.17.14,hc=16.20.2"},"method":"GET","path":"/","querystring":"","timeout":5000}}},"statusCode":null},"name":"TimeoutError","stack":"TimeoutError: Request timed out\n    at ClientRequest.onTimeout (/Users/uolo/Desktop/ONBOARDING PROJECT/server/node_modules/@elastic/elasticsearch/lib/Connection.js:110:16)\n    at ClientRequest.emit (node:events:513:28)\n    at Socket.emitRequestTimeout (node:_http_client:839:9)\n    at Object.onceWrapper (node:events:627:28)\n    at Socket.emit (node:events:525:35)\n    at Socket._onTimeout (node:net:550:8)\n    at listOnTimeout (node:internal/timers:559:17)\n    at processTimers (node:internal/timers:502:7)","timestamp":"2024-07-17T08:49:03.433Z"}
{"level":"error","message":"Error searching users in elastic : Request timed out","meta":{"body":null,"headers":null,"meta":{"aborted":false,"attempts":0,"connection":{"_openRequests":0,"deadCount":4,"headers":{},"id":"http://192.168.163.152:9200/","resurrectTimeout":1721206628435,"roles":{"data":true,"ingest":true,"master":true,"ml":false},"status":"dead","url":"http://192.168.163.152:9200/"},"context":null,"name":"elasticsearch-js","request":{"id":8,"options":{},"params":{"headers":{"user-agent":"elasticsearch-js/7.17.14 (darwin 23.5.0-x64; Node.js v16.20.2)","x-elastic-client-meta":"es=7.17.14,js=16.20.2,t=7.17.14,hc=16.20.2"},"method":"GET","path":"/","querystring":"","timeout":5000}}},"statusCode":null},"name":"TimeoutError","stack":"TimeoutError: Request timed out\n    at ClientRequest.onTimeout (/Users/uolo/Desktop/ONBOARDING PROJECT/server/node_modules/@elastic/elasticsearch/lib/Connection.js:110:16)\n    at ClientRequest.emit (node:events:513:28)\n    at Socket.emitRequestTimeout (node:_http_client:839:9)\n    at Object.onceWrapper (node:events:627:28)\n    at Socket.emit (node:events:525:35)\n    at Socket._onTimeout (node:net:550:8)\n    at listOnTimeout (node:internal/timers:559:17)\n    at processTimers (node:internal/timers:502:7)","timestamp":"2024-07-17T08:49:08.436Z"}
{"level":"error","message":"Error searching users in elastic : Request timed out","meta":{"body":null,"headers":null,"meta":{"aborted":false,"attempts":0,"connection":{"_openRequests":0,"deadCount":5,"headers":{},"id":"http://192.168.163.152:9200/","resurrectTimeout":1721207372309,"roles":{"data":true,"ingest":true,"master":true,"ml":false},"status":"dead","url":"http://192.168.163.152:9200/"},"context":null,"name":"elasticsearch-js","request":{"id":10,"options":{},"params":{"headers":{"user-agent":"elasticsearch-js/7.17.14 (darwin 23.5.0-x64; Node.js v16.20.2)","x-elastic-client-meta":"es=7.17.14,js=16.20.2,t=7.17.14,hc=16.20.2"},"method":"GET","path":"/","querystring":"","timeout":5000}}},"statusCode":null},"name":"TimeoutError","stack":"TimeoutError: Request timed out\n    at ClientRequest.onTimeout (/Users/uolo/Desktop/ONBOARDING PROJECT/server/node_modules/@elastic/elasticsearch/lib/Connection.js:110:16)\n    at ClientRequest.emit (node:events:513:28)\n    at Socket.emitRequestTimeout (node:_http_client:839:9)\n    at Object.onceWrapper (node:events:627:28)\n    at Socket.emit (node:events:525:35)\n    at Socket._onTimeout (node:net:550:8)\n    at listOnTimeout (node:internal/timers:559:17)\n    at processTimers (node:internal/timers:502:7)","timestamp":"2024-07-17T08:53:32.310Z"}
{"level":"error","message":"Error searching users in elastic : Request timed out","meta":{"body":null,"headers":null,"meta":{"aborted":false,"attempts":0,"connection":{"_openRequests":0,"deadCount":6,"headers":{},"id":"http://192.168.163.152:9200/","resurrectTimeout":1721208337313,"roles":{"data":true,"ingest":true,"master":true,"ml":false},"status":"dead","url":"http://192.168.163.152:9200/"},"context":null,"name":"elasticsearch-js","request":{"id":12,"options":{},"params":{"headers":{"user-agent":"elasticsearch-js/7.17.14 (darwin 23.5.0-x64; Node.js v16.20.2)","x-elastic-client-meta":"es=7.17.14,js=16.20.2,t=7.17.14,hc=16.20.2"},"method":"GET","path":"/","querystring":"","timeout":5000}}},"statusCode":null},"name":"TimeoutError","stack":"TimeoutError: Request timed out\n    at ClientRequest.onTimeout (/Users/uolo/Desktop/ONBOARDING PROJECT/server/node_modules/@elastic/elasticsearch/lib/Connection.js:110:16)\n    at ClientRequest.emit (node:events:513:28)\n    at Socket.emitRequestTimeout (node:_http_client:839:9)\n    at Object.onceWrapper (node:events:627:28)\n    at Socket.emit (node:events:525:35)\n    at Socket._onTimeout (node:net:550:8)\n    at listOnTimeout (node:internal/timers:559:17)\n    at processTimers (node:internal/timers:502:7)","timestamp":"2024-07-17T08:53:37.314Z"}
{"level":"error","message":"Error searching users in elastic : Request timed out","meta":{"body":null,"headers":null,"meta":{"aborted":false,"attempts":0,"connection":{"_openRequests":0,"deadCount":7,"headers":{},"id":"http://192.168.163.152:9200/","resurrectTimeout":1721209431594,"roles":{"data":true,"ingest":true,"master":true,"ml":false},"status":"dead","url":"http://192.168.163.152:9200/"},"context":null,"name":"elasticsearch-js","request":{"id":14,"options":{},"params":{"headers":{"user-agent":"elasticsearch-js/7.17.14 (darwin 23.5.0-x64; Node.js v16.20.2)","x-elastic-client-meta":"es=7.17.14,js=16.20.2,t=7.17.14,hc=16.20.2"},"method":"GET","path":"/","querystring":"","timeout":5000}}},"statusCode":null},"name":"TimeoutError","stack":"TimeoutError: Request timed out\n    at ClientRequest.onTimeout (/Users/uolo/Desktop/ONBOARDING PROJECT/server/node_modules/@elastic/elasticsearch/lib/Connection.js:110:16)\n    at ClientRequest.emit (node:events:513:28)\n    at Socket.emitRequestTimeout (node:_http_client:839:9)\n    at Object.onceWrapper (node:events:627:28)\n    at Socket.emit (node:events:525:35)\n    at Socket._onTimeout (node:net:550:8)\n    at listOnTimeout (node:internal/timers:559:17)\n    at processTimers (node:internal/timers:502:7)","timestamp":"2024-07-17T09:11:51.595Z"}
{"level":"error","message":"Error searching users in elastic : Request timed out","meta":{"body":null,"headers":null,"meta":{"aborted":false,"attempts":0,"connection":{"_openRequests":0,"deadCount":8,"headers":{},"id":"http://192.168.163.152:9200/","resurrectTimeout":1721209436599,"roles":{"data":true,"ingest":true,"master":true,"ml":false},"status":"dead","url":"http://192.168.163.152:9200/"},"context":null,"name":"elasticsearch-js","request":{"id":16,"options":{},"params":{"headers":{"user-agent":"elasticsearch-js/7.17.14 (darwin 23.5.0-x64; Node.js v16.20.2)","x-elastic-client-meta":"es=7.17.14,js=16.20.2,t=7.17.14,hc=16.20.2"},"method":"GET","path":"/","querystring":"","timeout":5000}}},"statusCode":null},"name":"TimeoutError","stack":"TimeoutError: Request timed out\n    at ClientRequest.onTimeout (/Users/uolo/Desktop/ONBOARDING PROJECT/server/node_modules/@elastic/elasticsearch/lib/Connection.js:110:16)\n    at ClientRequest.emit (node:events:513:28)\n    at Socket.emitRequestTimeout (node:_http_client:839:9)\n    at Object.onceWrapper (node:events:627:28)\n    at Socket.emit (node:events:525:35)\n    at Socket._onTimeout (node:net:550:8)\n    at listOnTimeout (node:internal/timers:559:17)\n    at processTimers (node:internal/timers:502:7)","timestamp":"2024-07-17T09:11:56.600Z"}
{"level":"error","message":"Error searching users in elastic : Request timed out","meta":{"body":null,"headers":null,"meta":{"aborted":false,"attempts":0,"connection":{"_openRequests":0,"deadCount":9,"headers":{},"id":"http://192.168.163.152:9200/","resurrectTimeout":1721209495319,"roles":{"data":true,"ingest":true,"master":true,"ml":false},"status":"dead","url":"http://192.168.163.152:9200/"},"context":null,"name":"elasticsearch-js","request":{"id":18,"options":{},"params":{"headers":{"user-agent":"elasticsearch-js/7.17.14 (darwin 23.5.0-x64; Node.js v16.20.2)","x-elastic-client-meta":"es=7.17.14,js=16.20.2,t=7.17.14,hc=16.20.2"},"method":"GET","path":"/","querystring":"","timeout":5000}}},"statusCode":null},"name":"TimeoutError","stack":"TimeoutError: Request timed out\n    at ClientRequest.onTimeout (/Users/uolo/Desktop/ONBOARDING PROJECT/server/node_modules/@elastic/elasticsearch/lib/Connection.js:110:16)\n    at ClientRequest.emit (node:events:513:28)\n    at Socket.emitRequestTimeout (node:_http_client:839:9)\n    at Object.onceWrapper (node:events:627:28)\n    at Socket.emit (node:events:525:35)\n    at Socket._onTimeout (node:net:550:8)\n    at listOnTimeout (node:internal/timers:559:17)\n    at processTimers (node:internal/timers:502:7)","timestamp":"2024-07-17T09:12:55.320Z"}
{"level":"error","message":"Error searching users in elastic : Request timed out","meta":{"body":null,"headers":null,"meta":{"aborted":false,"attempts":0,"connection":{"_openRequests":0,"deadCount":10,"headers":{},"id":"http://192.168.163.152:9200/","resurrectTimeout":1721209555318,"roles":{"data":true,"ingest":true,"master":true,"ml":false},"status":"dead","url":"http://192.168.163.152:9200/"},"context":null,"name":"elasticsearch-js","request":{"id":20,"options":{},"params":{"headers":{"user-agent":"elasticsearch-js/7.17.14 (darwin 23.5.0-x64; Node.js v16.20.2)","x-elastic-client-meta":"es=7.17.14,js=16.20.2,t=7.17.14,hc=16.20.2"},"method":"GET","path":"/","querystring":"","timeout":5000}}},"statusCode":null},"name":"TimeoutError","stack":"TimeoutError: Request timed out\n    at ClientRequest.onTimeout (/Users/uolo/Desktop/ONBOARDING PROJECT/server/node_modules/@elastic/elasticsearch/lib/Connection.js:110:16)\n    at ClientRequest.emit (node:events:513:28)\n    at Socket.emitRequestTimeout (node:_http_client:839:9)\n    at Object.onceWrapper (node:events:627:28)\n    at Socket.emit (node:events:525:35)\n    at Socket._onTimeout (node:net:550:8)\n    at listOnTimeout (node:internal/timers:559:17)\n    at processTimers (node:internal/timers:502:7)","timestamp":"2024-07-17T09:13:55.318Z"}
{"level":"error","message":"Error searching users in elastic : Request timed out","meta":{"body":null,"headers":null,"meta":{"aborted":false,"attempts":0,"connection":{"_openRequests":0,"deadCount":11,"headers":{},"id":"http://192.168.163.152:9200/","resurrectTimeout":1721209560321,"roles":{"data":true,"ingest":true,"master":true,"ml":false},"status":"dead","url":"http://192.168.163.152:9200/"},"context":null,"name":"elasticsearch-js","request":{"id":22,"options":{},"params":{"headers":{"user-agent":"elasticsearch-js/7.17.14 (darwin 23.5.0-x64; Node.js v16.20.2)","x-elastic-client-meta":"es=7.17.14,js=16.20.2,t=7.17.14,hc=16.20.2"},"method":"GET","path":"/","querystring":"","timeout":5000}}},"statusCode":null},"name":"TimeoutError","stack":"TimeoutError: Request timed out\n    at ClientRequest.onTimeout (/Users/uolo/Desktop/ONBOARDING PROJECT/server/node_modules/@elastic/elasticsearch/lib/Connection.js:110:16)\n    at ClientRequest.emit (node:events:513:28)\n    at Socket.emitRequestTimeout (node:_http_client:839:9)\n    at Object.onceWrapper (node:events:627:28)\n    at Socket.emit (node:events:525:35)\n    at Socket._onTimeout (node:net:550:8)\n    at listOnTimeout (node:internal/timers:559:17)\n    at processTimers (node:internal/timers:502:7)","timestamp":"2024-07-17T09:14:00.322Z"}
{"level":"error","message":"Error searching users in elastic : Request timed out","meta":{"body":null,"headers":null,"meta":{"aborted":false,"attempts":0,"connection":{"_openRequests":0,"deadCount":11,"headers":{},"id":"http://192.168.163.152:9200/","resurrectTimeout":1721209560321,"roles":{"data":true,"ingest":true,"master":true,"ml":false},"status":"dead","url":"http://192.168.163.152:9200/"},"context":null,"name":"elasticsearch-js","request":{"id":22,"options":{},"params":{"headers":{"user-agent":"elasticsearch-js/7.17.14 (darwin 23.5.0-x64; Node.js v16.20.2)","x-elastic-client-meta":"es=7.17.14,js=16.20.2,t=7.17.14,hc=16.20.2"},"method":"GET","path":"/","querystring":"","timeout":5000}}},"statusCode":null},"name":"TimeoutError","stack":"TimeoutError: Request timed out\n    at ClientRequest.onTimeout (/Users/uolo/Desktop/ONBOARDING PROJECT/server/node_modules/@elastic/elasticsearch/lib/Connection.js:110:16)\n    at ClientRequest.emit (node:events:513:28)\n    at Socket.emitRequestTimeout (node:_http_client:839:9)\n    at Object.onceWrapper (node:events:627:28)\n    at Socket.emit (node:events:525:35)\n    at Socket._onTimeout (node:net:550:8)\n    at listOnTimeout (node:internal/timers:559:17)\n    at processTimers (node:internal/timers:502:7)","timestamp":"2024-07-17T09:14:00.322Z"}
{"level":"error","message":"Error searching users in elastic : Request timed out","meta":{"body":null,"headers":null,"meta":{"aborted":false,"attempts":0,"connection":{"_openRequests":0,"deadCount":12,"headers":{},"id":"http://192.168.163.152:9200/","resurrectTimeout":1721209565326,"roles":{"data":true,"ingest":true,"master":true,"ml":false},"status":"dead","url":"http://192.168.163.152:9200/"},"context":null,"name":"elasticsearch-js","request":{"id":25,"options":{},"params":{"headers":{"user-agent":"elasticsearch-js/7.17.14 (darwin 23.5.0-x64; Node.js v16.20.2)","x-elastic-client-meta":"es=7.17.14,js=16.20.2,t=7.17.14,hc=16.20.2"},"method":"GET","path":"/","querystring":"","timeout":5000}}},"statusCode":null},"name":"TimeoutError","stack":"TimeoutError: Request timed out\n    at ClientRequest.onTimeout (/Users/uolo/Desktop/ONBOARDING PROJECT/server/node_modules/@elastic/elasticsearch/lib/Connection.js:110:16)\n    at ClientRequest.emit (node:events:513:28)\n    at Socket.emitRequestTimeout (node:_http_client:839:9)\n    at Object.onceWrapper (node:events:627:28)\n    at Socket.emit (node:events:525:35)\n    at Socket._onTimeout (node:net:550:8)\n    at listOnTimeout (node:internal/timers:559:17)\n    at processTimers (node:internal/timers:502:7)","timestamp":"2024-07-17T09:14:05.326Z"}
{"level":"error","message":"Error searching users in elastic : Request timed out","meta":{"body":null,"headers":null,"meta":{"aborted":false,"attempts":0,"connection":{"_openRequests":0,"deadCount":13,"headers":{},"id":"http://192.168.163.152:9200/","resurrectTimeout":1721209591916,"roles":{"data":true,"ingest":true,"master":true,"ml":false},"status":"dead","url":"http://192.168.163.152:9200/"},"context":null,"name":"elasticsearch-js","request":{"id":27,"options":{},"params":{"headers":{"user-agent":"elasticsearch-js/7.17.14 (darwin 23.5.0-x64; Node.js v16.20.2)","x-elastic-client-meta":"es=7.17.14,js=16.20.2,t=7.17.14,hc=16.20.2"},"method":"GET","path":"/","querystring":"","timeout":5000}}},"statusCode":null},"name":"TimeoutError","stack":"TimeoutError: Request timed out\n    at ClientRequest.onTimeout (/Users/uolo/Desktop/ONBOARDING PROJECT/server/node_modules/@elastic/elasticsearch/lib/Connection.js:110:16)\n    at ClientRequest.emit (node:events:513:28)\n    at Socket.emitRequestTimeout (node:_http_client:839:9)\n    at Object.onceWrapper (node:events:627:28)\n    at Socket.emit (node:events:525:35)\n    at Socket._onTimeout (node:net:550:8)\n    at listOnTimeout (node:internal/timers:559:17)\n    at processTimers (node:internal/timers:502:7)","timestamp":"2024-07-17T09:14:31.917Z"}
{"level":"error","message":"Error searching users in elastic : Request timed out","meta":{"body":null,"headers":null,"meta":{"aborted":false,"attempts":0,"connection":{"_openRequests":0,"deadCount":14,"headers":{},"id":"http://192.168.163.152:9200/","resurrectTimeout":1721209629279,"roles":{"data":true,"ingest":true,"master":true,"ml":false},"status":"dead","url":"http://192.168.163.152:9200/"},"context":null,"name":"elasticsearch-js","request":{"id":29,"options":{},"params":{"headers":{"user-agent":"elasticsearch-js/7.17.14 (darwin 23.5.0-x64; Node.js v16.20.2)","x-elastic-client-meta":"es=7.17.14,js=16.20.2,t=7.17.14,hc=16.20.2"},"method":"GET","path":"/","querystring":"","timeout":5000}}},"statusCode":null},"name":"TimeoutError","stack":"TimeoutError: Request timed out\n    at ClientRequest.onTimeout (/Users/uolo/Desktop/ONBOARDING PROJECT/server/node_modules/@elastic/elasticsearch/lib/Connection.js:110:16)\n    at ClientRequest.emit (node:events:513:28)\n    at Socket.emitRequestTimeout (node:_http_client:839:9)\n    at Object.onceWrapper (node:events:627:28)\n    at Socket.emit (node:events:525:35)\n    at Socket._onTimeout (node:net:550:8)\n    at listOnTimeout (node:internal/timers:559:17)\n    at processTimers (node:internal/timers:502:7)","timestamp":"2024-07-17T09:15:09.280Z"}
{"level":"error","message":"Error searching users in elastic : Request timed out","meta":{"body":null,"headers":null,"meta":{"aborted":false,"attempts":0,"connection":{"_openRequests":0,"deadCount":15,"headers":{},"id":"http://192.168.163.152:9200/","resurrectTimeout":1721209658465,"roles":{"data":true,"ingest":true,"master":true,"ml":false},"status":"dead","url":"http://192.168.163.152:9200/"},"context":null,"name":"elasticsearch-js","request":{"id":31,"options":{},"params":{"headers":{"user-agent":"elasticsearch-js/7.17.14 (darwin 23.5.0-x64; Node.js v16.20.2)","x-elastic-client-meta":"es=7.17.14,js=16.20.2,t=7.17.14,hc=16.20.2"},"method":"GET","path":"/","querystring":"","timeout":5000}}},"statusCode":null},"name":"TimeoutError","stack":"TimeoutError: Request timed out\n    at ClientRequest.onTimeout (/Users/uolo/Desktop/ONBOARDING PROJECT/server/node_modules/@elastic/elasticsearch/lib/Connection.js:110:16)\n    at ClientRequest.emit (node:events:513:28)\n    at Socket.emitRequestTimeout (node:_http_client:839:9)\n    at Object.onceWrapper (node:events:627:28)\n    at Socket.emit (node:events:525:35)\n    at Socket._onTimeout (node:net:550:8)\n    at listOnTimeout (node:internal/timers:559:17)\n    at processTimers (node:internal/timers:502:7)","timestamp":"2024-07-17T09:15:38.466Z"}
{"level":"info","message":"✅ MongoDB Connected : ","timestamp":"2024-07-17T09:31:29.794Z"}
{"level":"info","message":"✅ Server running at http://localhost:8080","timestamp":"2024-07-17T09:31:29.800Z"}
{"level":"info","message":"✅ MongoDB Connected : ","timestamp":"2024-07-17T09:31:33.258Z"}
{"level":"info","message":"✅ Server running at http://localhost:8080","timestamp":"2024-07-17T09:31:33.263Z"}
{"level":"info","message":"✅ MongoDB Connected : ","timestamp":"2024-07-17T09:31:36.587Z"}
{"level":"info","message":"✅ Server running at http://localhost:8080","timestamp":"2024-07-17T09:31:36.592Z"}
{"level":"info","message":"✅ MongoDB Connected : ","timestamp":"2024-07-17T09:31:40.205Z"}
{"level":"info","message":"✅ Server running at http://localhost:8080","timestamp":"2024-07-17T09:31:40.211Z"}
{"level":"info","message":"✅ MongoDB Connected : ","timestamp":"2024-07-17T09:31:43.712Z"}
{"level":"info","message":"✅ Server running at http://localhost:8080","timestamp":"2024-07-17T09:31:43.719Z"}
{"level":"info","message":"✅ MongoDB Connected : ","timestamp":"2024-07-17T10:02:43.942Z"}
{"level":"info","message":"✅ Server running at http://localhost:8080","timestamp":"2024-07-17T10:02:43.948Z"}
{"level":"info","message":"✅ MongoDB Connected : ","timestamp":"2024-07-17T10:03:03.676Z"}
{"level":"info","message":"✅ Server running at http://localhost:8080","timestamp":"2024-07-17T10:03:03.681Z"}
{"level":"info","message":"✅ MongoDB Connected : ","timestamp":"2024-07-17T10:03:36.669Z"}
{"level":"info","message":"✅ Server running at http://localhost:8080","timestamp":"2024-07-17T10:03:36.676Z"}
{"level":"info","message":"✅ MongoDB Connected : ","timestamp":"2024-07-17T10:04:24.809Z"}
{"level":"info","message":"✅ Server running at http://localhost:8080","timestamp":"2024-07-17T10:04:24.815Z"}
{"level":"info","message":"✅ MongoDB Connected : ","timestamp":"2024-07-17T10:04:32.745Z"}
{"level":"info","message":"✅ Server running at http://localhost:8080","timestamp":"2024-07-17T10:04:32.751Z"}
{"level":"info","message":"✅ MongoDB Connected : ","timestamp":"2024-07-17T10:09:14.648Z"}
{"level":"info","message":"✅ Server running at http://localhost:8080","timestamp":"2024-07-17T10:09:14.653Z"}
{"level":"error","message":"Error in login service JsonWebTokenError: jwt malformed","timestamp":"2024-07-17T11:23:48.291Z"}
{"level":"error","message":"Error in login service JsonWebTokenError: jwt malformed","timestamp":"2024-07-17T11:23:54.227Z"}
{"level":"error","message":"Error in login service JsonWebTokenError: jwt malformed","timestamp":"2024-07-17T11:23:59.477Z"}
{"level":"info","message":"✅ MongoDB Connected : ","timestamp":"2024-07-17T11:28:25.204Z"}
{"level":"info","message":"✅ Server running at http://localhost:8080","timestamp":"2024-07-17T11:28:25.210Z"}
{"level":"error","message":"Error in login service JsonWebTokenError: invalid token","timestamp":"2024-07-17T11:28:29.574Z"}
{"level":"error","message":"Error in login service JsonWebTokenError: invalid token","timestamp":"2024-07-17T11:28:29.752Z"}
{"level":"info","message":"✅ MongoDB Connected : ","timestamp":"2024-07-17T11:29:19.359Z"}
{"level":"info","message":"✅ Server running at http://localhost:8080","timestamp":"2024-07-17T11:29:19.364Z"}
{"level":"error","message":"Error in login service JsonWebTokenError: invalid token","timestamp":"2024-07-17T11:29:20.879Z"}
{"level":"error","message":"Error in login service JsonWebTokenError: invalid token","timestamp":"2024-07-17T11:29:20.883Z"}
{"level":"error","message":"Error in login service JsonWebTokenError: invalid token","timestamp":"2024-07-17T11:30:36.689Z"}
{"level":"info","message":"✅ MongoDB Connected : ","timestamp":"2024-07-17T11:32:51.952Z"}
{"level":"info","message":"✅ Server running at http://localhost:8080","timestamp":"2024-07-17T11:32:51.958Z"}
{"level":"error","message":"Error searching users in elastic : Request timed out","meta":{"body":null,"headers":null,"meta":{"aborted":false,"attempts":0,"connection":{"_openRequests":0,"deadCount":1,"headers":{},"id":"http://192.168.163.152:9200/","resurrectTimeout":1721217462646,"roles":{"data":true,"ingest":true,"master":true,"ml":false},"status":"dead","url":"http://192.168.163.152:9200/"},"context":null,"name":"elasticsearch-js","request":{"id":11,"options":{},"params":{"body":"{\"from\":0,\"size\":8,\"query\":{\"bool\":{\"must\":[{\"bool\":{\"should\":[{\"match\":{\"name\":{\"query\":\"\",\"operator\":\"and\"}}},{\"wildcard\":{\"name.keyword\":\"**\"}},{\"match\":{\"email\":{\"query\":\"\",\"operator\":\"and\"}}},{\"wildcard\":{\"email.keyword\":\"**\"}}],\"minimum_should_match\":1}},{\"term\":{\"active\":true}}]}},\"sort\":[{\"createdAt\":{\"order\":\"desc\"}}]}","headers":{"content-length":"329","content-type":"application/json","user-agent":"elasticsearch-js/7.17.14 (darwin 23.5.0-x64; Node.js v16.20.2)","x-elastic-client-meta":"es=7.17.14,js=16.20.2,t=7.17.14,hc=16.20.2"},"method":"POST","path":"/lokendrausers/_search","querystring":"","timeout":5000}}},"statusCode":null},"name":"TimeoutError","stack":"TimeoutError: Request timed out\n    at ClientRequest.onTimeout (/Users/uolo/Desktop/ONBOARDING PROJECT/server/node_modules/@elastic/elasticsearch/lib/Connection.js:110:16)\n    at ClientRequest.emit (node:events:513:28)\n    at Socket.emitRequestTimeout (node:_http_client:839:9)\n    at Object.onceWrapper (node:events:627:28)\n    at Socket.emit (node:events:525:35)\n    at Socket._onTimeout (node:net:550:8)\n    at listOnTimeout (node:internal/timers:559:17)\n    at processTimers (node:internal/timers:502:7)","timestamp":"2024-07-17T11:56:42.647Z"}
{"level":"error","message":"Error searching users in elastic : Request timed out","meta":{"body":null,"headers":null,"meta":{"aborted":false,"attempts":0,"connection":{"_openRequests":0,"deadCount":2,"headers":{},"id":"http://192.168.163.152:9200/","resurrectTimeout":1721217527651,"roles":{"data":true,"ingest":true,"master":true,"ml":false},"status":"dead","url":"http://192.168.163.152:9200/"},"context":null,"name":"elasticsearch-js","request":{"id":12,"options":{},"params":{"body":"{\"from\":0,\"size\":8,\"query\":{\"bool\":{\"must\":[{\"bool\":{\"should\":[{\"match\":{\"name\":{\"query\":\"\",\"operator\":\"and\"}}},{\"wildcard\":{\"name.keyword\":\"**\"}},{\"match\":{\"email\":{\"query\":\"\",\"operator\":\"and\"}}},{\"wildcard\":{\"email.keyword\":\"**\"}}],\"minimum_should_match\":1}},{\"term\":{\"active\":true}}]}},\"sort\":[{\"createdAt\":{\"order\":\"desc\"}}]}","headers":{"content-length":"329","content-type":"application/json","user-agent":"elasticsearch-js/7.17.14 (darwin 23.5.0-x64; Node.js v16.20.2)","x-elastic-client-meta":"es=7.17.14,js=16.20.2,t=7.17.14,hc=16.20.2"},"method":"POST","path":"/lokendrausers/_search","querystring":"","timeout":5000}}},"statusCode":null},"name":"TimeoutError","stack":"TimeoutError: Request timed out\n    at ClientRequest.onTimeout (/Users/uolo/Desktop/ONBOARDING PROJECT/server/node_modules/@elastic/elasticsearch/lib/Connection.js:110:16)\n    at ClientRequest.emit (node:events:513:28)\n    at Socket.emitRequestTimeout (node:_http_client:839:9)\n    at Object.onceWrapper (node:events:627:28)\n    at Socket.emit (node:events:525:35)\n    at Socket._onTimeout (node:net:550:8)\n    at listOnTimeout (node:internal/timers:559:17)\n    at processTimers (node:internal/timers:502:7)","timestamp":"2024-07-17T11:56:47.652Z"}
{"level":"info","message":"✅ MongoDB Connected : ","timestamp":"2024-07-17T12:08:42.901Z"}
{"level":"info","message":"✅ Server running at http://localhost:8080","timestamp":"2024-07-17T12:08:42.907Z"}
{"level":"error","message":"Error in login service TokenExpiredError: jwt expired","timestamp":"2024-07-17T12:08:58.493Z"}
{"level":"info","message":"✅ MongoDB Connected : ","timestamp":"2024-07-17T12:18:13.508Z"}
{"level":"info","message":"✅ Server running at http://localhost:8080","timestamp":"2024-07-17T12:18:13.513Z"}
{"level":"info","message":"✅ MongoDB Connected : ","timestamp":"2024-07-17T12:20:14.932Z"}
{"level":"info","message":"✅ MongoDB Connected : ","timestamp":"2024-07-17T12:21:16.297Z"}
{"level":"info","message":"✅ Elasticsearch initialized successfully","timestamp":"2024-07-17T12:21:16.434Z"}
{"level":"info","message":"✅ Server running at http://localhost:8080","timestamp":"2024-07-17T12:21:16.437Z"}
{"level":"info","message":"✅ MongoDB Connected : ","timestamp":"2024-07-17T12:21:47.663Z"}
{"level":"info","message":"✅ Elasticsearch initialized successfully","timestamp":"2024-07-17T12:21:47.804Z"}
{"level":"info","message":"✅ Server running at http://localhost:8080","timestamp":"2024-07-17T12:21:47.807Z"}
{"level":"info","message":"✅ MongoDB Connected : ","timestamp":"2024-07-17T12:22:51.074Z"}
{"level":"info","message":"✅ Elasticsearch initialized successfully","timestamp":"2024-07-17T12:22:51.216Z"}
{"level":"info","message":"✅ Server running at http://localhost:8080","timestamp":"2024-07-17T12:22:51.220Z"}
{"level":"error","message":"Error in login service TokenExpiredError: jwt expired","timestamp":"2024-07-17T12:23:01.539Z"}
{"level":"info","message":"✅ MongoDB Connected : ","timestamp":"2024-07-17T12:24:28.013Z"}
{"level":"info","message":"✅ Elasticsearch initialized successfully","timestamp":"2024-07-17T12:24:28.150Z"}
{"level":"info","message":"✅ Server running at http://localhost:8080","timestamp":"2024-07-17T12:24:28.155Z"}
{"level":"info","message":"✅ MongoDB Connected : ","timestamp":"2024-07-17T12:27:43.729Z"}
{"level":"info","message":"✅ Elasticsearch initialized successfully","timestamp":"2024-07-17T12:27:43.861Z"}
{"level":"info","message":"✅ Server running at http://localhost:8080","timestamp":"2024-07-17T12:27:43.864Z"}
{"level":"info","message":"✅ MongoDB Connected : ","timestamp":"2024-07-17T12:29:16.693Z"}
{"level":"info","message":"✅ Elasticsearch initialized successfully","timestamp":"2024-07-17T12:29:16.826Z"}
{"level":"info","message":"✅ Server running at http://localhost:8080","timestamp":"2024-07-17T12:29:16.829Z"}
