{"level":"info","message":"✅ MongoDB Connected : ","timestamp":"2024-07-16T05:49:11.004Z"}
{"level":"info","message":"✅ Elasticsearch initialized successfully","timestamp":"2024-07-16T05:49:11.160Z"}
{"level":"info","message":"✅ Server running at http://localhost:8080","timestamp":"2024-07-16T05:49:11.163Z"}
{"level":"info","message":"✅ MongoDB Connected : ","timestamp":"2024-07-16T05:49:50.511Z"}
{"level":"info","message":"✅ Elasticsearch initialized successfully","timestamp":"2024-07-16T05:49:50.643Z"}
{"level":"info","message":"✅ Server running at http://localhost:8080","timestamp":"2024-07-16T05:49:50.646Z"}
{"level":"info","message":"✅ MongoDB Connected : ","timestamp":"2024-07-16T05:51:43.344Z"}
{"level":"info","message":"✅ Elasticsearch initialized successfully","timestamp":"2024-07-16T05:51:43.482Z"}
{"level":"info","message":"✅ Server running at http://localhost:8080","timestamp":"2024-07-16T05:51:43.486Z"}
{"level":"info","message":"✅ MongoDB Connected : ","timestamp":"2024-07-16T06:58:08.247Z"}
{"level":"info","message":"✅ Elasticsearch initialized successfully","timestamp":"2024-07-16T06:58:08.400Z"}
{"level":"info","message":"✅ Server running at http://localhost:8080","timestamp":"2024-07-16T06:58:08.405Z"}
{"level":"info","message":"✅ MongoDB Connected : ","timestamp":"2024-07-16T07:15:54.293Z"}
{"level":"info","message":"✅ Elasticsearch initialized successfully","timestamp":"2024-07-16T07:15:54.425Z"}
{"level":"info","message":"✅ Server running at http://localhost:8080","timestamp":"2024-07-16T07:15:54.430Z"}
{"level":"info","message":"✅ MongoDB Connected : ","timestamp":"2024-07-16T07:58:33.543Z"}
{"level":"info","message":"✅ Elasticsearch initialized successfully","timestamp":"2024-07-16T07:58:33.684Z"}
{"level":"info","message":"✅ Server running at http://localhost:8080","timestamp":"2024-07-16T07:58:33.688Z"}
{"level":"info","message":"✅ MongoDB Connected : ","timestamp":"2024-07-16T08:00:41.937Z"}
{"level":"info","message":"✅ Elasticsearch initialized successfully","timestamp":"2024-07-16T08:00:42.074Z"}
{"level":"info","message":"✅ Server running at http://localhost:8080","timestamp":"2024-07-16T08:00:42.077Z"}
{"level":"info","message":"✅ MongoDB Connected : ","timestamp":"2024-07-16T08:27:28.475Z"}
{"level":"info","message":"✅ Elasticsearch initialized successfully","timestamp":"2024-07-16T08:27:28.794Z"}
{"level":"info","message":"✅ Server running at http://localhost:8080","timestamp":"2024-07-16T08:27:28.799Z"}
{"level":"info","message":"✅ MongoDB Connected : ","timestamp":"2024-07-16T08:28:10.552Z"}
{"level":"info","message":"✅ Elasticsearch initialized successfully","timestamp":"2024-07-16T08:28:10.698Z"}
{"level":"info","message":"✅ Server running at http://localhost:8080","timestamp":"2024-07-16T08:28:10.701Z"}
{"level":"info","message":"✅ MongoDB Connected : ","timestamp":"2024-07-16T08:28:29.670Z"}
{"level":"info","message":"✅ Elasticsearch initialized successfully","timestamp":"2024-07-16T08:28:29.968Z"}
{"level":"info","message":"✅ Server running at http://localhost:8080","timestamp":"2024-07-16T08:28:29.972Z"}
{"level":"info","message":"✅ MongoDB Connected : ","timestamp":"2024-07-16T08:28:32.935Z"}
{"level":"info","message":"✅ Elasticsearch initialized successfully","timestamp":"2024-07-16T08:28:33.117Z"}
{"level":"info","message":"✅ Server running at http://localhost:8080","timestamp":"2024-07-16T08:28:33.120Z"}
{"level":"info","message":"✅ MongoDB Connected : ","timestamp":"2024-07-16T08:28:38.302Z"}
{"level":"info","message":"✅ Elasticsearch initialized successfully","timestamp":"2024-07-16T08:28:38.467Z"}
{"level":"info","message":"✅ Server running at http://localhost:8080","timestamp":"2024-07-16T08:28:38.470Z"}
{"level":"info","message":"✅ MongoDB Connected : ","timestamp":"2024-07-16T08:28:44.781Z"}
{"level":"info","message":"✅ Elasticsearch initialized successfully","timestamp":"2024-07-16T08:28:44.929Z"}
{"level":"info","message":"✅ Server running at http://localhost:8080","timestamp":"2024-07-16T08:28:44.932Z"}
{"level":"info","message":"✅ MongoDB Connected : ","timestamp":"2024-07-16T08:29:39.019Z"}
{"level":"info","message":"✅ Elasticsearch initialized successfully","timestamp":"2024-07-16T08:29:39.181Z"}
{"level":"info","message":"✅ Server running at http://localhost:8080","timestamp":"2024-07-16T08:29:39.185Z"}
{"level":"info","message":"✅ MongoDB Connected : ","timestamp":"2024-07-16T10:50:45.823Z"}
{"level":"info","message":"✅ Elasticsearch initialized successfully","timestamp":"2024-07-16T10:50:45.967Z"}
{"level":"info","message":"✅ Server running at http://localhost:8080","timestamp":"2024-07-16T10:50:45.970Z"}
{"level":"info","message":"✅ MongoDB Connected : ","timestamp":"2024-07-16T10:52:29.792Z"}
{"level":"info","message":"✅ Elasticsearch initialized successfully","timestamp":"2024-07-16T10:52:29.934Z"}
{"level":"info","message":"✅ Server running at http://localhost:8080","timestamp":"2024-07-16T10:52:29.937Z"}
{"level":"info","message":"✅ MongoDB Connected : ","timestamp":"2024-07-16T10:52:38.044Z"}
{"level":"info","message":"✅ Elasticsearch initialized successfully","timestamp":"2024-07-16T10:52:38.195Z"}
{"level":"info","message":"✅ Server running at http://localhost:8080","timestamp":"2024-07-16T10:52:38.200Z"}
{"level":"info","message":"✅ MongoDB Connected : ","timestamp":"2024-07-16T10:58:51.860Z"}
{"level":"info","message":"✅ Elasticsearch initialized successfully","timestamp":"2024-07-16T10:58:52.006Z"}
{"level":"info","message":"✅ Server running at http://localhost:8080","timestamp":"2024-07-16T10:58:52.010Z"}
{"level":"info","message":"✅ MongoDB Connected : ","timestamp":"2024-07-16T10:59:27.347Z"}
{"level":"info","message":"✅ Elasticsearch initialized successfully","timestamp":"2024-07-16T10:59:27.521Z"}
{"level":"info","message":"✅ Server running at http://localhost:8080","timestamp":"2024-07-16T10:59:27.524Z"}
{"level":"info","message":"✅ MongoDB Connected : ","timestamp":"2024-07-16T11:00:12.877Z"}
{"level":"info","message":"✅ Elasticsearch initialized successfully","timestamp":"2024-07-16T11:00:13.024Z"}
{"level":"info","message":"✅ Server running at http://localhost:8080","timestamp":"2024-07-16T11:00:13.027Z"}
{"level":"info","message":"✅ MongoDB Connected : ","timestamp":"2024-07-16T11:02:00.081Z"}
{"level":"info","message":"✅ Elasticsearch initialized successfully","timestamp":"2024-07-16T11:02:00.240Z"}
{"level":"info","message":"✅ Server running at http://localhost:8080","timestamp":"2024-07-16T11:02:00.243Z"}
{"level":"error","message":"Error in login controller isEmailValid is not defined","stack":"ReferenceError: isEmailValid is not defined\n    at login (file:///Users/uolo/Desktop/ONBOARDING%20PROJECT/server/controllers/auth.js:9:5)\n    at Layer.handle [as handle_request] (/Users/uolo/Desktop/ONBOARDING PROJECT/server/node_modules/express/lib/router/layer.js:95:5)\n    at next (/Users/uolo/Desktop/ONBOARDING PROJECT/server/node_modules/express/lib/router/route.js:149:13)\n    at Route.dispatch (/Users/uolo/Desktop/ONBOARDING PROJECT/server/node_modules/express/lib/router/route.js:119:3)\n    at Layer.handle [as handle_request] (/Users/uolo/Desktop/ONBOARDING PROJECT/server/node_modules/express/lib/router/layer.js:95:5)\n    at /Users/uolo/Desktop/ONBOARDING PROJECT/server/node_modules/express/lib/router/index.js:284:15\n    at Function.process_params (/Users/uolo/Desktop/ONBOARDING PROJECT/server/node_modules/express/lib/router/index.js:346:12)\n    at next (/Users/uolo/Desktop/ONBOARDING PROJECT/server/node_modules/express/lib/router/index.js:280:10)\n    at Function.handle (/Users/uolo/Desktop/ONBOARDING PROJECT/server/node_modules/express/lib/router/index.js:175:3)\n    at router (/Users/uolo/Desktop/ONBOARDING PROJECT/server/node_modules/express/lib/router/index.js:47:12)","timestamp":"2024-07-16T11:02:02.578Z"}
{"level":"error","message":"Error in login controller isEmailValid is not defined","stack":"ReferenceError: isEmailValid is not defined\n    at login (file:///Users/uolo/Desktop/ONBOARDING%20PROJECT/server/controllers/auth.js:9:5)\n    at Layer.handle [as handle_request] (/Users/uolo/Desktop/ONBOARDING PROJECT/server/node_modules/express/lib/router/layer.js:95:5)\n    at next (/Users/uolo/Desktop/ONBOARDING PROJECT/server/node_modules/express/lib/router/route.js:149:13)\n    at Route.dispatch (/Users/uolo/Desktop/ONBOARDING PROJECT/server/node_modules/express/lib/router/route.js:119:3)\n    at Layer.handle [as handle_request] (/Users/uolo/Desktop/ONBOARDING PROJECT/server/node_modules/express/lib/router/layer.js:95:5)\n    at /Users/uolo/Desktop/ONBOARDING PROJECT/server/node_modules/express/lib/router/index.js:284:15\n    at Function.process_params (/Users/uolo/Desktop/ONBOARDING PROJECT/server/node_modules/express/lib/router/index.js:346:12)\n    at next (/Users/uolo/Desktop/ONBOARDING PROJECT/server/node_modules/express/lib/router/index.js:280:10)\n    at Function.handle (/Users/uolo/Desktop/ONBOARDING PROJECT/server/node_modules/express/lib/router/index.js:175:3)\n    at router (/Users/uolo/Desktop/ONBOARDING PROJECT/server/node_modules/express/lib/router/index.js:47:12)","timestamp":"2024-07-16T11:02:13.335Z"}
{"level":"error","message":"Error in login controller isEmailValid is not defined","stack":"ReferenceError: isEmailValid is not defined\n    at login (file:///Users/uolo/Desktop/ONBOARDING%20PROJECT/server/controllers/auth.js:9:5)\n    at Layer.handle [as handle_request] (/Users/uolo/Desktop/ONBOARDING PROJECT/server/node_modules/express/lib/router/layer.js:95:5)\n    at next (/Users/uolo/Desktop/ONBOARDING PROJECT/server/node_modules/express/lib/router/route.js:149:13)\n    at Route.dispatch (/Users/uolo/Desktop/ONBOARDING PROJECT/server/node_modules/express/lib/router/route.js:119:3)\n    at Layer.handle [as handle_request] (/Users/uolo/Desktop/ONBOARDING PROJECT/server/node_modules/express/lib/router/layer.js:95:5)\n    at /Users/uolo/Desktop/ONBOARDING PROJECT/server/node_modules/express/lib/router/index.js:284:15\n    at Function.process_params (/Users/uolo/Desktop/ONBOARDING PROJECT/server/node_modules/express/lib/router/index.js:346:12)\n    at next (/Users/uolo/Desktop/ONBOARDING PROJECT/server/node_modules/express/lib/router/index.js:280:10)\n    at Function.handle (/Users/uolo/Desktop/ONBOARDING PROJECT/server/node_modules/express/lib/router/index.js:175:3)\n    at router (/Users/uolo/Desktop/ONBOARDING PROJECT/server/node_modules/express/lib/router/index.js:47:12)","timestamp":"2024-07-16T11:02:26.025Z"}
{"level":"error","message":"Error in login controller isEmailValid is not defined","stack":"ReferenceError: isEmailValid is not defined\n    at login (file:///Users/uolo/Desktop/ONBOARDING%20PROJECT/server/controllers/auth.js:9:5)\n    at Layer.handle [as handle_request] (/Users/uolo/Desktop/ONBOARDING PROJECT/server/node_modules/express/lib/router/layer.js:95:5)\n    at next (/Users/uolo/Desktop/ONBOARDING PROJECT/server/node_modules/express/lib/router/route.js:149:13)\n    at Route.dispatch (/Users/uolo/Desktop/ONBOARDING PROJECT/server/node_modules/express/lib/router/route.js:119:3)\n    at Layer.handle [as handle_request] (/Users/uolo/Desktop/ONBOARDING PROJECT/server/node_modules/express/lib/router/layer.js:95:5)\n    at /Users/uolo/Desktop/ONBOARDING PROJECT/server/node_modules/express/lib/router/index.js:284:15\n    at Function.process_params (/Users/uolo/Desktop/ONBOARDING PROJECT/server/node_modules/express/lib/router/index.js:346:12)\n    at next (/Users/uolo/Desktop/ONBOARDING PROJECT/server/node_modules/express/lib/router/index.js:280:10)\n    at Function.handle (/Users/uolo/Desktop/ONBOARDING PROJECT/server/node_modules/express/lib/router/index.js:175:3)\n    at router (/Users/uolo/Desktop/ONBOARDING PROJECT/server/node_modules/express/lib/router/index.js:47:12)","timestamp":"2024-07-16T11:03:23.399Z"}
{"level":"info","message":"✅ MongoDB Connected : ","timestamp":"2024-07-16T11:04:02.979Z"}
{"level":"info","message":"✅ Elasticsearch initialized successfully","timestamp":"2024-07-16T11:04:03.119Z"}
{"level":"info","message":"✅ Server running at http://localhost:8080","timestamp":"2024-07-16T11:04:03.124Z"}
{"level":"info","message":"✅ MongoDB Connected : ","timestamp":"2024-07-16T11:04:24.737Z"}
{"level":"info","message":"✅ Elasticsearch initialized successfully","timestamp":"2024-07-16T11:04:24.877Z"}
{"level":"info","message":"✅ Server running at http://localhost:8080","timestamp":"2024-07-16T11:04:24.880Z"}
{"level":"info","message":"✅ MongoDB Connected : ","timestamp":"2024-07-16T11:04:40.596Z"}
{"level":"info","message":"✅ Elasticsearch initialized successfully","timestamp":"2024-07-16T11:04:40.737Z"}
{"level":"info","message":"✅ Server running at http://localhost:8080","timestamp":"2024-07-16T11:04:40.740Z"}
{"level":"info","message":"✅ MongoDB Connected : ","timestamp":"2024-07-16T11:04:48.010Z"}
{"level":"info","message":"✅ Elasticsearch initialized successfully","timestamp":"2024-07-16T11:04:48.144Z"}
{"level":"info","message":"✅ Server running at http://localhost:8080","timestamp":"2024-07-16T11:04:48.147Z"}
{"level":"info","message":"✅ MongoDB Connected : ","timestamp":"2024-07-16T11:04:50.805Z"}
{"level":"info","message":"✅ Elasticsearch initialized successfully","timestamp":"2024-07-16T11:04:50.946Z"}
{"level":"info","message":"✅ Server running at http://localhost:8080","timestamp":"2024-07-16T11:04:50.951Z"}
{"level":"info","message":"✅ MongoDB Connected : ","timestamp":"2024-07-16T11:05:11.521Z"}
{"level":"info","message":"✅ Elasticsearch initialized successfully","timestamp":"2024-07-16T11:05:11.674Z"}
{"level":"info","message":"✅ Server running at http://localhost:8080","timestamp":"2024-07-16T11:05:11.677Z"}
{"level":"info","message":"✅ MongoDB Connected : ","timestamp":"2024-07-16T11:05:34.323Z"}
{"level":"info","message":"✅ Elasticsearch initialized successfully","timestamp":"2024-07-16T11:05:34.459Z"}
{"level":"info","message":"✅ Server running at http://localhost:8080","timestamp":"2024-07-16T11:05:34.463Z"}
{"level":"info","message":"✅ MongoDB Connected : ","timestamp":"2024-07-16T11:06:04.894Z"}
{"level":"info","message":"✅ Elasticsearch initialized successfully","timestamp":"2024-07-16T11:06:05.033Z"}
{"level":"info","message":"✅ Server running at http://localhost:8080","timestamp":"2024-07-16T11:06:05.036Z"}
{"level":"info","message":"✅ MongoDB Connected : ","timestamp":"2024-07-16T11:06:25.231Z"}
{"level":"info","message":"✅ Elasticsearch initialized successfully","timestamp":"2024-07-16T11:06:25.374Z"}
{"level":"info","message":"✅ Server running at http://localhost:8080","timestamp":"2024-07-16T11:06:25.378Z"}
{"level":"info","message":"✅ MongoDB Connected : ","timestamp":"2024-07-16T11:07:21.557Z"}
{"level":"info","message":"✅ Elasticsearch initialized successfully","timestamp":"2024-07-16T11:07:21.693Z"}
{"level":"info","message":"✅ Server running at http://localhost:8080","timestamp":"2024-07-16T11:07:21.696Z"}
{"level":"info","message":"✅ MongoDB Connected : ","timestamp":"2024-07-16T11:07:31.979Z"}
{"level":"info","message":"✅ Elasticsearch initialized successfully","timestamp":"2024-07-16T11:07:32.123Z"}
{"level":"info","message":"✅ Server running at http://localhost:8080","timestamp":"2024-07-16T11:07:32.126Z"}
{"level":"info","message":"✅ MongoDB Connected : ","timestamp":"2024-07-16T11:08:03.498Z"}
{"level":"info","message":"✅ Elasticsearch initialized successfully","timestamp":"2024-07-16T11:08:03.650Z"}
{"level":"info","message":"✅ Server running at http://localhost:8080","timestamp":"2024-07-16T11:08:03.655Z"}
{"level":"info","message":"✅ MongoDB Connected : ","timestamp":"2024-07-16T11:08:11.063Z"}
{"level":"info","message":"✅ Elasticsearch initialized successfully","timestamp":"2024-07-16T11:08:11.214Z"}
{"level":"info","message":"✅ Server running at http://localhost:8080","timestamp":"2024-07-16T11:08:11.217Z"}
{"level":"info","message":"✅ MongoDB Connected : ","timestamp":"2024-07-16T11:08:16.705Z"}
{"level":"info","message":"✅ Elasticsearch initialized successfully","timestamp":"2024-07-16T11:08:16.854Z"}
{"level":"info","message":"✅ Server running at http://localhost:8080","timestamp":"2024-07-16T11:08:16.859Z"}
{"level":"info","message":"✅ MongoDB Connected : ","timestamp":"2024-07-16T11:08:27.000Z"}
{"level":"info","message":"✅ Elasticsearch initialized successfully","timestamp":"2024-07-16T11:08:27.140Z"}
{"level":"info","message":"✅ Server running at http://localhost:8080","timestamp":"2024-07-16T11:08:27.144Z"}
{"level":"error","message":"Error searching users in elastic : Request timed out","meta":{"body":null,"headers":null,"meta":{"aborted":false,"attempts":0,"connection":{"_openRequests":0,"deadCount":1,"headers":{},"id":"http://192.168.163.152:9200/","resurrectTimeout":1721191992715,"roles":{"data":true,"ingest":true,"master":true,"ml":false},"status":"dead","url":"http://192.168.163.152:9200/"},"context":null,"name":"elasticsearch-js","request":{"id":20,"options":{},"params":{"body":"{\"from\":0,\"size\":8,\"query\":{\"bool\":{\"must\":[{\"bool\":{\"should\":[{\"match\":{\"name\":{\"query\":\"\",\"operator\":\"and\"}}},{\"wildcard\":{\"name.keyword\":\"**\"}},{\"match\":{\"email\":{\"query\":\"\",\"operator\":\"and\"}}},{\"wildcard\":{\"email.keyword\":\"**\"}}],\"minimum_should_match\":1}},{\"term\":{\"active\":true}}]}},\"sort\":[{\"createdAt\":{\"order\":\"desc\"}}]}","headers":{"content-length":"329","content-type":"application/json","user-agent":"elasticsearch-js/7.17.14 (darwin 23.5.0-x64; Node.js v16.20.2)","x-elastic-client-meta":"es=7.17.14,js=16.20.2,t=7.17.14,hc=16.20.2"},"method":"POST","path":"/lokendrausers/_search","querystring":"","timeout":5000}}},"statusCode":null},"name":"TimeoutError","stack":"TimeoutError: Request timed out\n    at ClientRequest.onTimeout (/Users/uolo/Desktop/ONBOARDING PROJECT/server/node_modules/@elastic/elasticsearch/lib/Connection.js:110:16)\n    at ClientRequest.emit (node:events:513:28)\n    at Socket.emitRequestTimeout (node:_http_client:839:9)\n    at Object.onceWrapper (node:events:627:28)\n    at Socket.emit (node:events:525:35)\n    at Socket._onTimeout (node:net:550:8)\n    at listOnTimeout (node:internal/timers:559:17)\n    at processTimers (node:internal/timers:502:7)","timestamp":"2024-07-17T04:52:12.724Z"}
{"level":"error","message":"Error searching users in elastic : Request timed out","meta":{"body":null,"headers":null,"meta":{"aborted":false,"attempts":0,"connection":{"_openRequests":0,"deadCount":2,"headers":{},"id":"http://192.168.163.152:9200/","resurrectTimeout":1721192057728,"roles":{"data":true,"ingest":true,"master":true,"ml":false},"status":"dead","url":"http://192.168.163.152:9200/"},"context":null,"name":"elasticsearch-js","request":{"id":21,"options":{},"params":{"body":"{\"from\":0,\"size\":8,\"query\":{\"bool\":{\"must\":[{\"bool\":{\"should\":[{\"match\":{\"name\":{\"query\":\"\",\"operator\":\"and\"}}},{\"wildcard\":{\"name.keyword\":\"**\"}},{\"match\":{\"email\":{\"query\":\"\",\"operator\":\"and\"}}},{\"wildcard\":{\"email.keyword\":\"**\"}}],\"minimum_should_match\":1}},{\"term\":{\"active\":true}}]}},\"sort\":[{\"createdAt\":{\"order\":\"desc\"}}]}","headers":{"content-length":"329","content-type":"application/json","user-agent":"elasticsearch-js/7.17.14 (darwin 23.5.0-x64; Node.js v16.20.2)","x-elastic-client-meta":"es=7.17.14,js=16.20.2,t=7.17.14,hc=16.20.2"},"method":"POST","path":"/lokendrausers/_search","querystring":"","timeout":5000}}},"statusCode":null},"name":"TimeoutError","stack":"TimeoutError: Request timed out\n    at ClientRequest.onTimeout (/Users/uolo/Desktop/ONBOARDING PROJECT/server/node_modules/@elastic/elasticsearch/lib/Connection.js:110:16)\n    at ClientRequest.emit (node:events:513:28)\n    at Socket.emitRequestTimeout (node:_http_client:839:9)\n    at Object.onceWrapper (node:events:627:28)\n    at Socket.emit (node:events:525:35)\n    at Socket._onTimeout (node:net:550:8)\n    at listOnTimeout (node:internal/timers:559:17)\n    at processTimers (node:internal/timers:502:7)","timestamp":"2024-07-17T04:52:17.730Z"}
